<?xml version="1.0" encoding="UTF-8"?>
<!-- Generated by org.testng.reporters.JUnitXMLReporter -->
<testsuite hostname="mslaptop" ignored="0" tests="2" failures="1" timestamp="2019-11-09T15:48:18 CET" time="16.431" errors="0">
  <testcase name="validateCenterText" time="0.163" classname="ValidateHomePageCenterText">
    <failure type="java.lang.AssertionError" message="expected [featured courses444] but found [featured courses]">
      <![CDATA[java.lang.AssertionError: expected [featured courses444] but found [featured courses]
at ValidateHomePageCenterText.validateCenterText(ValidateHomePageCenterText.java:33)
at java.util.ArrayList.forEach(ArrayList.java:1257)
... Removed 31 stack frames]]>
    </failure>
  </testcase> <!-- validateCenterText -->
  <testcase name="validateHeader" time="0.083" classname="ValidateHomePageCenterText"/>
</testsuite>
