-------------------------------------------------------------------------------
Test set: TestSuite
-------------------------------------------------------------------------------
Tests run: 5, Failures: 1, Errors: 0, Skipped: 0, Time elapsed: 55.857 s <<< FAILURE! - in TestSuite
validateCenterText(ValidateHomePageCenterText)  Time elapsed: 0.166 s  <<< FAILURE!
java.lang.AssertionError: expected [featured courses444] but found [featured courses]
	at ValidateHomePageCenterText.validateCenterText(ValidateHomePageCenterText.java:33)

