<?xml version="1.0" encoding="UTF-8"?>
<testsuite xmlns:xsi="http://www.w3.org/2001/XMLSchema-instance" xsi:noNamespaceSchemaLocation="https://maven.apache.org/surefire/maven-surefire-plugin/xsd/surefire-test-report-3.0.xsd" version="3.0" name="TestSuite" time="55.857" tests="5" errors="0" skipped="0" failures="1">
  <properties>
[...]
</properties>
  <testcase name="basePageNavigation" classname="HomePage" time="10.917"/>
  <testcase name="basePageNavigation" classname="HomePage" time="6.455"/>
  <testcase name="validateCenterText" classname="ValidateHomePageCenterText" time="0.166">
    <failure message="expected [featured courses444] but found [featured courses]" type="java.lang.AssertionError">java.lang.AssertionError: expected [featured courses444] but found [featured courses]
	at ValidateHomePageCenterText.validateCenterText(ValidateHomePageCenterText.java:33)
</failure>
    <system-err><![CDATA[Starting ChromeDriver 78.0.3904.70 (edb9c9f3de0247fd912a77b7f6cae7447f6d3ad5-refs/branch-heads/3904@{#800}) on port 27118
Only local connections are allowed.
Please protect ports used by ChromeDriver and related test frameworks to prevent access by malicious code.
[1572893841.289][WARNING]: Timed out connecting to Chrome, retrying...
lis 04, 2019 7:57:23 PM org.openqa.selenium.remote.ProtocolHandshake createSession
INFO: Detected dialect: W3C
]]></system-err>
  </testcase>
  <testcase name="validateHeader" classname="ValidateHomePageCenterText" time="0.09"/>
  <testcase name="validateNavBar" classname="ValidateNavigationBar" time="0.185"/>
</testsuite>